This file contains any messages produced by compilers while
running configure, to aid debugging if configure makes a mistake.

It was created by configure, which was
generated by GNU Autoconf 2.69.  Invocation command line was

  $ ./configure --without-x --without-libpaper-library

## --------- ##
## Platform. ##
## --------- ##

hostname = deb
uname -m = x86_64
uname -r = 5.10.0-13-amd64
uname -s = Linux
uname -v = #1 SMP Debian 5.10.106-1 (2022-03-17)

/usr/bin/uname -p = unknown
/bin/uname -X     = unknown

/bin/arch              = x86_64
/usr/bin/arch -k       = unknown
/usr/convex/getsysinfo = unknown
/usr/bin/hostinfo      = unknown
/bin/machine           = unknown
/usr/bin/oslevel       = unknown
/bin/universe          = unknown

PATH: /home/oflorian/bin
PATH: /Library/bin
PATH: /Developer/bin
PATH: /System/bin
PATH: /usr/local/bin
PATH: /usr/bin
PATH: /bin
PATH: /usr/local/games
PATH: /usr/games


## ----------- ##
## Core tests. ##
## ----------- ##

configure:2511: checking for gcc
configure:2538: result: clang
configure:2767: checking for C compiler version
configure:2776: clang --version >&5
Debian clang version 11.0.1-2
Target: x86_64-pc-linux-gnu
Thread model: posix
InstalledDir: /usr/bin
configure:2787: $? = 0
configure:2776: clang -v >&5
Debian clang version 11.0.1-2
Target: x86_64-pc-linux-gnu
Thread model: posix
InstalledDir: /usr/bin
Found candidate GCC installation: /usr/bin/../lib/gcc/x86_64-linux-gnu/10
Found candidate GCC installation: /usr/lib/gcc/x86_64-linux-gnu/10
Selected GCC installation: /usr/bin/../lib/gcc/x86_64-linux-gnu/10
Candidate multilib: .;@m64
Selected multilib: .;@m64
configure:2787: $? = 0
configure:2776: clang -V >&5
clang: error: argument to '-V' is missing (expected 1 value)
clang: error: no input files
configure:2787: $? = 1
configure:2776: clang -qversion >&5
clang: error: unknown argument '-qversion'; did you mean '--version'?
clang: error: no input files
configure:2787: $? = 1
configure:2807: checking whether the C compiler works
configure:2829: clang  -fPIC    conftest.c  >&5
configure:2833: $? = 0
configure:2881: result: yes
configure:2884: checking for C compiler default output file name
configure:2886: result: a.out
configure:2892: checking for suffix of executables
configure:2899: clang -o conftest  -fPIC    conftest.c  >&5
configure:2903: $? = 0
configure:2925: result: 
configure:2947: checking whether we are cross compiling
configure:2955: clang -o conftest  -fPIC    conftest.c  >&5
configure:2959: $? = 0
configure:2966: ./conftest
configure:2970: $? = 0
configure:2985: result: no
configure:2990: checking for suffix of object files
configure:3012: clang -c  -fPIC   conftest.c >&5
configure:3016: $? = 0
configure:3037: result: o
configure:3041: checking whether we are using the GNU C compiler
configure:3060: clang -c  -fPIC   conftest.c >&5
configure:3060: $? = 0
configure:3069: result: yes
configure:3078: checking whether clang accepts -g
configure:3098: clang -c -g  conftest.c >&5
configure:3098: $? = 0
configure:3139: result: yes
configure:3156: checking for clang option to accept ISO C89
configure:3219: clang  -c  -fPIC   conftest.c >&5
configure:3219: $? = 0
configure:3232: result: none needed
configure:3253: checking for library containing strerror
configure:3284: clang -o conftest  -fPIC    conftest.c  >&5
conftest.c:18:6: warning: incompatible redeclaration of library function 'strerror' [-Wincompatible-library-redeclaration]
char strerror ();
     ^
conftest.c:18:6: note: 'strerror' is a builtin with type 'char *(int)'
1 warning generated.
configure:3284: $? = 0
configure:3301: result: none required
configure:3313: checking for clang option to accept ISO C99
configure:3462: clang  -c  -fPIC   conftest.c >&5
configure:3462: $? = 0
configure:3475: result: none needed
configure:3583: checking for clang option to accept ISO Standard C
configure:3594: result: none needed
configure:3716: checking for C++ compiler version
configure:3725: clang++ --version >&5
Debian clang version 11.0.1-2
Target: x86_64-pc-linux-gnu
Thread model: posix
InstalledDir: /usr/bin
configure:3736: $? = 0
configure:3725: clang++ -v >&5
Debian clang version 11.0.1-2
Target: x86_64-pc-linux-gnu
Thread model: posix
InstalledDir: /usr/bin
Found candidate GCC installation: /usr/bin/../lib/gcc/x86_64-linux-gnu/10
Found candidate GCC installation: /usr/lib/gcc/x86_64-linux-gnu/10
Selected GCC installation: /usr/bin/../lib/gcc/x86_64-linux-gnu/10
Candidate multilib: .;@m64
Selected multilib: .;@m64
configure:3736: $? = 0
configure:3725: clang++ -V >&5
clang: error: argument to '-V' is missing (expected 1 value)
clang: error: no input files
configure:3736: $? = 1
configure:3725: clang++ -qversion >&5
clang: error: unknown argument '-qversion'; did you mean '--version'?
clang: error: no input files
configure:3736: $? = 1
configure:3740: checking whether we are using the GNU C++ compiler
configure:3759: clang++ -c -g   -fPIC  -Wno-write-strings -Wno-deprecated-writable-strings  conftest.cpp >&5
configure:3759: $? = 0
configure:3768: result: yes
configure:3777: checking whether clang++ accepts -g
configure:3797: clang++ -c -g  conftest.cpp >&5
configure:3797: $? = 0
configure:3838: result: yes
configure:3904: checking for a BSD-compatible install
configure:3972: result: /usr/bin/install -c
configure:4026: checking for ranlib
configure:4042: found /usr/bin/ranlib
configure:4053: result: ranlib
configure:4081: checking for OS/2 (with EMX)
configure:4097: clang -c  -fPIC   conftest.c >&5
conftest.c:15:1: error: use of undeclared identifier '__EMX__'
__EMX__
^
1 error generated.
configure:4097: $? = 1
configure: failed program was:
| /* confdefs.h */
| #define PACKAGE_NAME ""
| #define PACKAGE_TARNAME ""
| #define PACKAGE_VERSION ""
| #define PACKAGE_STRING ""
| #define PACKAGE_BUGREPORT ""
| #define PACKAGE_URL ""
| #define APPDEFDIR ""
| #define SYSTEM_XPDFRC "/usr/local/etc/xpdfrc"
| /* end confdefs.h.  */
| 
| int
| main ()
| {
| __EMX__
|   ;
|   return 0;
| }
configure:4104: result: no
configure:4112: checking for DOS (with DJGPP)
configure:4128: clang -c  -fPIC   conftest.c >&5
conftest.c:15:1: error: use of undeclared identifier '__DJGPP__'
__DJGPP__
^
1 error generated.
configure:4128: $? = 1
configure: failed program was:
| /* confdefs.h */
| #define PACKAGE_NAME ""
| #define PACKAGE_TARNAME ""
| #define PACKAGE_VERSION ""
| #define PACKAGE_STRING ""
| #define PACKAGE_BUGREPORT ""
| #define PACKAGE_URL ""
| #define APPDEFDIR ""
| #define SYSTEM_XPDFRC "/usr/local/etc/xpdfrc"
| /* end confdefs.h.  */
| 
| int
| main ()
| {
| __DJGPP__
|   ;
|   return 0;
| }
configure:4135: result: no
configure:4154: checking how to run the C preprocessor
configure:4185: clang -E  conftest.c
configure:4185: $? = 0
configure:4199: clang -E  conftest.c
conftest.c:11:10: fatal error: 'ac_nonexistent.h' file not found
#include <ac_nonexistent.h>
         ^~~~~~~~~~~~~~~~~~
1 error generated.
configure:4199: $? = 1
configure: failed program was:
| /* confdefs.h */
| #define PACKAGE_NAME ""
| #define PACKAGE_TARNAME ""
| #define PACKAGE_VERSION ""
| #define PACKAGE_STRING ""
| #define PACKAGE_BUGREPORT ""
| #define PACKAGE_URL ""
| #define APPDEFDIR ""
| #define SYSTEM_XPDFRC "/usr/local/etc/xpdfrc"
| /* end confdefs.h.  */
| #include <ac_nonexistent.h>
configure:4224: result: clang -E
configure:4244: clang -E  conftest.c
configure:4244: $? = 0
configure:4258: clang -E  conftest.c
conftest.c:11:10: fatal error: 'ac_nonexistent.h' file not found
#include <ac_nonexistent.h>
         ^~~~~~~~~~~~~~~~~~
1 error generated.
configure:4258: $? = 1
configure: failed program was:
| /* confdefs.h */
| #define PACKAGE_NAME ""
| #define PACKAGE_TARNAME ""
| #define PACKAGE_VERSION ""
| #define PACKAGE_STRING ""
| #define PACKAGE_BUGREPORT ""
| #define PACKAGE_URL ""
| #define APPDEFDIR ""
| #define SYSTEM_XPDFRC "/usr/local/etc/xpdfrc"
| /* end confdefs.h.  */
| #include <ac_nonexistent.h>
configure:4287: checking for X
configure:4465: result: disabled
configure:4973: checking for dirent.h that defines DIR
configure:4992: clang -c  -fPIC   conftest.c >&5
configure:4992: $? = 0
configure:5000: result: yes
configure:5013: checking for library containing opendir
configure:5044: clang -o conftest  -fPIC    conftest.c  >&5
configure:5044: $? = 0
configure:5061: result: none required
configure:5137: checking for gethostbyname
configure:5137: clang++ -o conftest -g   -fPIC  -Wno-write-strings -Wno-deprecated-writable-strings   conftest.cpp  >&5
configure:5137: $? = 0
configure:5137: result: yes
configure:5185: checking select() and fd_set in sys/select.h and sys/bsdtypes.h
configure:5202: clang++ -c -g   -fPIC  -Wno-write-strings -Wno-deprecated-writable-strings  conftest.cpp >&5
configure:5202: $? = 0
configure:5209: result: not needed
configure:5274: checking FD_ZERO and strings.h or bstring.h
configure:5291: clang++ -c -g   -fPIC  -Wno-write-strings -Wno-deprecated-writable-strings  conftest.cpp >&5
configure:5291: $? = 0
configure:5298: result: not needed
configure:5365: checking for rewinddir
configure:5365: clang++ -o conftest -g   -fPIC  -Wno-write-strings -Wno-deprecated-writable-strings   conftest.cpp  >&5
configure:5365: $? = 0
configure:5365: result: yes
configure:5424: checking for popen
configure:5424: clang++ -o conftest -g   -fPIC  -Wno-write-strings -Wno-deprecated-writable-strings   conftest.cpp  >&5
configure:5424: $? = 0
configure:5424: result: yes
configure:5433: checking for mkstemp
configure:5450: clang++ -o conftest -g   -fPIC  -Wno-write-strings -Wno-deprecated-writable-strings   conftest.cpp  >&5
configure:5450: $? = 0
configure:5458: result: yes
configure:5464: checking for mkstemps
configure:5481: clang++ -o conftest -g   -fPIC  -Wno-write-strings -Wno-deprecated-writable-strings   conftest.cpp  >&5
configure:5481: $? = 0
configure:5489: result: yes
configure:5496: checking whether select takes fd_set arguments
configure:5518: clang++ -c -g   -fPIC  -Wno-write-strings -Wno-deprecated-writable-strings  conftest.cpp >&5
configure:5518: $? = 0
configure:5525: result: yes
configure:5532: checking for std::sort
configure:5552: clang++ -c -g   -fPIC  -Wno-write-strings -Wno-deprecated-writable-strings  conftest.cpp >&5
configure:5552: $? = 0
configure:5559: result: yes
configure:5580: checking for special C compiler options needed for large files
configure:5625: result: no
configure:5631: checking for _FILE_OFFSET_BITS value needed for large files
configure:5656: clang -c  -fPIC   conftest.c >&5
configure:5656: $? = 0
configure:5688: result: no
configure:5773: checking for _LARGEFILE_SOURCE value needed for large files
configure:5792: clang -o conftest  -fPIC    conftest.c  >&5
configure:5792: $? = 0
configure:5820: result: no
configure:5843: checking for fseek64
configure:5843: clang -o conftest  -fPIC    conftest.c  >&5
/usr/bin/ld: /tmp/conftest-58e045.o: in function `main':
conftest.c:(.text+0x12): undefined reference to `fseek64'
clang: error: linker command failed with exit code 1 (use -v to see invocation)
configure:5843: $? = 1
configure: failed program was:
| /* confdefs.h */
| #define PACKAGE_NAME ""
| #define PACKAGE_TARNAME ""
| #define PACKAGE_VERSION ""
| #define PACKAGE_STRING ""
| #define PACKAGE_BUGREPORT ""
| #define PACKAGE_URL ""
| #define APPDEFDIR ""
| #define SYSTEM_XPDFRC "/usr/local/etc/xpdfrc"
| #define X_DISPLAY_MISSING 1
| #define HAVE_DIRENT_H 1
| #define HAVE_REWINDDIR 1
| #define HAVE_POPEN 1
| #define HAVE_MKSTEMP 1
| #define HAVE_MKSTEMPS 1
| #define HAVE_STD_SORT 1
| #define HAVE_FSEEKO 1
| /* end confdefs.h.  */
| /* Define fseek64 to an innocuous variant, in case <limits.h> declares fseek64.
|    For example, HP-UX 11i <limits.h> declares gettimeofday.  */
| #define fseek64 innocuous_fseek64
| 
| /* System header to define __stub macros and hopefully few prototypes,
|     which can conflict with char fseek64 (); below.
|     Prefer <limits.h> to <assert.h> if __STDC__ is defined, since
|     <limits.h> exists even on freestanding compilers.  */
| 
| #ifdef __STDC__
| # include <limits.h>
| #else
| # include <assert.h>
| #endif
| 
| #undef fseek64
| 
| /* Override any GCC internal prototype to avoid an error.
|    Use char because int might match the return type of a GCC
|    builtin and then its argument prototype would still apply.  */
| #ifdef __cplusplus
| extern "C"
| #endif
| char fseek64 ();
| /* The GNU C library defines this for functions which it implements
|     to always fail with ENOSYS.  Some functions are actually named
|     something starting with __ and the normal name is an alias.  */
| #if defined __stub_fseek64 || defined __stub___fseek64
| choke me
| #endif
| 
| int
| main ()
| {
| return fseek64 ();
|   ;
|   return 0;
| }
configure:5843: result: no
configure:5856: checking for ftell64
configure:5856: clang -o conftest  -fPIC    conftest.c  >&5
/usr/bin/ld: /tmp/conftest-bfe463.o: in function `main':
conftest.c:(.text+0x12): undefined reference to `ftell64'
clang: error: linker command failed with exit code 1 (use -v to see invocation)
configure:5856: $? = 1
configure: failed program was:
| /* confdefs.h */
| #define PACKAGE_NAME ""
| #define PACKAGE_TARNAME ""
| #define PACKAGE_VERSION ""
| #define PACKAGE_STRING ""
| #define PACKAGE_BUGREPORT ""
| #define PACKAGE_URL ""
| #define APPDEFDIR ""
| #define SYSTEM_XPDFRC "/usr/local/etc/xpdfrc"
| #define X_DISPLAY_MISSING 1
| #define HAVE_DIRENT_H 1
| #define HAVE_REWINDDIR 1
| #define HAVE_POPEN 1
| #define HAVE_MKSTEMP 1
| #define HAVE_MKSTEMPS 1
| #define HAVE_STD_SORT 1
| #define HAVE_FSEEKO 1
| /* end confdefs.h.  */
| /* Define ftell64 to an innocuous variant, in case <limits.h> declares ftell64.
|    For example, HP-UX 11i <limits.h> declares gettimeofday.  */
| #define ftell64 innocuous_ftell64
| 
| /* System header to define __stub macros and hopefully few prototypes,
|     which can conflict with char ftell64 (); below.
|     Prefer <limits.h> to <assert.h> if __STDC__ is defined, since
|     <limits.h> exists even on freestanding compilers.  */
| 
| #ifdef __STDC__
| # include <limits.h>
| #else
| # include <assert.h>
| #endif
| 
| #undef ftell64
| 
| /* Override any GCC internal prototype to avoid an error.
|    Use char because int might match the return type of a GCC
|    builtin and then its argument prototype would still apply.  */
| #ifdef __cplusplus
| extern "C"
| #endif
| char ftell64 ();
| /* The GNU C library defines this for functions which it implements
|     to always fail with ENOSYS.  Some functions are actually named
|     something starting with __ and the normal name is an alias.  */
| #if defined __stub_ftell64 || defined __stub___ftell64
| choke me
| #endif
| 
| int
| main ()
| {
| return ftell64 ();
|   ;
|   return 0;
| }
configure:5856: result: no
configure:7453: checking whether to use freetype2 library
configure:7460: result: maybe
configure:7509: checking where to find the freetype2 header files
configure:7516: result: 
configure:7535: checking ft2build.h usability
configure:7535: clang -c  -fPIC     conftest.c >&5
conftest.c:52:10: fatal error: 'ft2build.h' file not found
#include <ft2build.h>
         ^~~~~~~~~~~~
1 error generated.
configure:7535: $? = 1
configure: failed program was:
| /* confdefs.h */
| #define PACKAGE_NAME ""
| #define PACKAGE_TARNAME ""
| #define PACKAGE_VERSION ""
| #define PACKAGE_STRING ""
| #define PACKAGE_BUGREPORT ""
| #define PACKAGE_URL ""
| #define APPDEFDIR ""
| #define SYSTEM_XPDFRC "/usr/local/etc/xpdfrc"
| #define X_DISPLAY_MISSING 1
| #define HAVE_DIRENT_H 1
| #define HAVE_REWINDDIR 1
| #define HAVE_POPEN 1
| #define HAVE_MKSTEMP 1
| #define HAVE_MKSTEMPS 1
| #define HAVE_STD_SORT 1
| #define HAVE_FSEEKO 1
| /* end confdefs.h.  */
| #include <stdio.h>
| #ifdef HAVE_SYS_TYPES_H
| # include <sys/types.h>
| #endif
| #ifdef HAVE_SYS_STAT_H
| # include <sys/stat.h>
| #endif
| #ifdef STDC_HEADERS
| # include <stdlib.h>
| # include <stddef.h>
| #else
| # ifdef HAVE_STDLIB_H
| #  include <stdlib.h>
| # endif
| #endif
| #ifdef HAVE_STRING_H
| # if !defined STDC_HEADERS && defined HAVE_MEMORY_H
| #  include <memory.h>
| # endif
| # include <string.h>
| #endif
| #ifdef HAVE_STRINGS_H
| # include <strings.h>
| #endif
| #ifdef HAVE_INTTYPES_H
| # include <inttypes.h>
| #endif
| #ifdef HAVE_STDINT_H
| # include <stdint.h>
| #endif
| #ifdef HAVE_UNISTD_H
| # include <unistd.h>
| #endif
| #include <ft2build.h>
configure:7535: result: no
configure:7535: checking ft2build.h presence
configure:7535: clang -E    conftest.c
conftest.c:19:10: fatal error: 'ft2build.h' file not found
#include <ft2build.h>
         ^~~~~~~~~~~~
1 error generated.
configure:7535: $? = 1
configure: failed program was:
| /* confdefs.h */
| #define PACKAGE_NAME ""
| #define PACKAGE_TARNAME ""
| #define PACKAGE_VERSION ""
| #define PACKAGE_STRING ""
| #define PACKAGE_BUGREPORT ""
| #define PACKAGE_URL ""
| #define APPDEFDIR ""
| #define SYSTEM_XPDFRC "/usr/local/etc/xpdfrc"
| #define X_DISPLAY_MISSING 1
| #define HAVE_DIRENT_H 1
| #define HAVE_REWINDDIR 1
| #define HAVE_POPEN 1
| #define HAVE_MKSTEMP 1
| #define HAVE_MKSTEMPS 1
| #define HAVE_STD_SORT 1
| #define HAVE_FSEEKO 1
| /* end confdefs.h.  */
| #include <ft2build.h>
configure:7535: result: no
configure:7535: checking for ft2build.h
configure:7535: result: no
configure:7616: result: not using freetype2 library
configure:7668: checking whether to use libpng library
configure:7675: result: maybe
configure:7724: checking where to find the libpng header files
configure:7731: result: 
configure:7750: checking png.h usability
configure:7750: clang -c  -fPIC     conftest.c >&5
configure:7750: $? = 0
configure:7750: result: yes
configure:7750: checking png.h presence
configure:7750: clang -E    conftest.c
configure:7750: $? = 0
configure:7750: result: yes
configure:7750: checking for png.h
configure:7750: result: yes
configure:7779: checking for png_write_row in -lpng
configure:7804: clang -o conftest  -fPIC    conftest.c -lpng   -lpng -lz  >&5
configure:7804: $? = 0
configure:7813: result: yes
configure:7824: result: using libpng library
configure:7877: checking whether to use libpaper library
configure:7884: result: no
configure:8185: creating ./config.status

## ---------------------- ##
## Running config.status. ##
## ---------------------- ##

This file was extended by config.status, which was
generated by GNU Autoconf 2.69.  Invocation command line was

  CONFIG_FILES    = 
  CONFIG_HEADERS  = 
  CONFIG_LINKS    = 
  CONFIG_COMMANDS = 
  $ ./config.status 

on deb

config.status:841: creating Makefile
config.status:944: WARNING:  'Makefile.in' seems to ignore the --datarootdir setting
config.status:841: creating goo/Makefile
config.status:841: creating fofi/Makefile
config.status:841: creating splash/Makefile
config.status:841: creating xpdf/Makefile
config.status:841: creating aconf.h
configure:9356: WARNING: Couldn't find X
configure:9360: WARNING: Couldn't find Motif
configure:9364: WARNING: Couldn't find FreeType
configure:9369: WARNING: -- You will be able to compile pdftops, pdftotext,
        pdfinfo, pdffonts, pdfdetach, and pdfimages, but not xpdf
        or pdftoppm

## ---------------- ##
## Cache variables. ##
## ---------------- ##

ac_cv_c_compiler_gnu=yes
ac_cv_cxx_compiler_gnu=yes
ac_cv_env_CCC_set=
ac_cv_env_CCC_value=
ac_cv_env_CC_set=set
ac_cv_env_CC_value=clang
ac_cv_env_CFLAGS_set=set
ac_cv_env_CFLAGS_value=' -fPIC '
ac_cv_env_CPPFLAGS_set=set
ac_cv_env_CPPFLAGS_value=
ac_cv_env_CPP_set=
ac_cv_env_CPP_value=
ac_cv_env_CXXFLAGS_set=set
ac_cv_env_CXXFLAGS_value='-g   -fPIC  -Wno-write-strings -Wno-deprecated-writable-strings'
ac_cv_env_CXX_set=set
ac_cv_env_CXX_value=clang++
ac_cv_env_LDFLAGS_set=set
ac_cv_env_LDFLAGS_value=
ac_cv_env_LIBS_set=
ac_cv_env_LIBS_value=
ac_cv_env_XMKMF_set=
ac_cv_env_XMKMF_value=
ac_cv_env_build_alias_set=
ac_cv_env_build_alias_value=
ac_cv_env_host_alias_set=
ac_cv_env_host_alias_value=
ac_cv_env_target_alias_set=
ac_cv_env_target_alias_value=
ac_cv_func_fseek64=no
ac_cv_func_ftell64=no
ac_cv_func_gethostbyname=yes
ac_cv_func_popen=yes
ac_cv_func_rewinddir=yes
ac_cv_header_dirent_dirent_h=yes
ac_cv_header_ft2build_h=no
ac_cv_header_png_h=yes
ac_cv_lib_png_png_write_row=yes
ac_cv_objext=o
ac_cv_path_install='/usr/bin/install -c'
ac_cv_prog_CPP='clang -E'
ac_cv_prog_ac_ct_CC=clang
ac_cv_prog_ac_ct_RANLIB=ranlib
ac_cv_prog_cc_c89=
ac_cv_prog_cc_c99=
ac_cv_prog_cc_g=yes
ac_cv_prog_cc_stdc=
ac_cv_prog_cxx_g=yes
ac_cv_search_opendir='none required'
ac_cv_search_strerror='none required'
ac_cv_sys_file_offset_bits=no
ac_cv_sys_largefile_CC=no
ac_cv_sys_largefile_source=no
smr_cv_with_freetype2_includes=
smr_cv_with_freetype2_library=maybe
smr_cv_with_libpaper_library=no
smr_cv_with_libpng_includes=
smr_cv_with_libpng_library=maybe
xpdf_cv_func_fseek64=no
xpdf_cv_func_ftell64=no
xpdf_cv_func_mkstemp=yes
xpdf_cv_func_mkstemps=yes
xpdf_cv_func_select_arg=yes
xpdf_cv_func_std_sort=yes
xpdf_cv_sys_dos=no
xpdf_cv_sys_os2=no

## ----------------- ##
## Output variables. ##
## ----------------- ##

AR='ar rc'
CC='clang'
CFLAGS=' -fPIC '
CPP='clang -E'
CPPFLAGS=''
CXX='clang++'
CXXFLAGS='-g   -fPIC  -Wno-write-strings -Wno-deprecated-writable-strings'
DEFS='-DHAVE_CONFIG_H'
ECHO_C=''
ECHO_N='-n'
ECHO_T=''
EGREP=''
EXE=''
EXEEXT=''
EXTRA_CFLAGS=''
EXTRA_LIBS=''
GREP=''
INSTALL_DATA='${INSTALL} -m 644'
INSTALL_PROGRAM='${INSTALL}'
INSTALL_SCRIPT='${INSTALL}'
LDFLAGS=''
LIBOBJS=''
LIBPREFIX='lib'
LIBS=''
LTLIBOBJS=''
OBJEXT='o'
PACKAGE_BUGREPORT=''
PACKAGE_NAME=''
PACKAGE_STRING=''
PACKAGE_TARNAME=''
PACKAGE_URL=''
PACKAGE_VERSION=''
PATH_SEPARATOR=':'
RANLIB='ranlib'
SHELL='/bin/bash'
Sgm_CFLAGS=''
Sgm_LIBS=''
UP_DIR=''
X='#'
XMKMF=''
XPDF_TARGET='all-no-x'
X_CFLAGS=''
X_EXTRA_LIBS=''
X_LIBS=''
X_PRE_LIBS=''
Xext_CFLAGS=''
Xext_LIBS=''
Xm_CFLAGS=''
Xm_LIBS=''
Xp_CFLAGS=''
Xp_LIBS=''
Xpm_CFLAGS=''
Xpm_LIBS=''
Xt_CFLAGS=''
Xt_LIBS=''
ac_ct_CC='clang'
ac_ct_CXX=''
bindir='${exec_prefix}/bin'
build_alias=''
datadir='${datarootdir}'
datarootdir='${prefix}/share'
docdir='${datarootdir}/doc/${PACKAGE}'
dvidir='${docdir}'
exec_prefix='${prefix}'
freetype2_CFLAGS=''
freetype2_LIBS=''
host_alias=''
htmldir='${docdir}'
includedir='${prefix}/include'
infodir='${datarootdir}/info'
libdir='${exec_prefix}/lib'
libexecdir='${exec_prefix}/libexec'
libpaper_CFLAGS=''
libpaper_LIBS=''
libpng_CFLAGS=''
libpng_LIBS='-lpng'
localedir='${datarootdir}/locale'
localstatedir='${prefix}/var'
mandir='${datarootdir}/man'
oldincludedir='/usr/include'
pdfdir='${docdir}'
prefix='/usr/local'
program_transform_name='s,x,x,'
psdir='${docdir}'
sbindir='${exec_prefix}/sbin'
sharedstatedir='${prefix}/com'
sysconfdir='${prefix}/etc'
target_alias=''

## ----------- ##
## confdefs.h. ##
## ----------- ##

/* confdefs.h */
#define PACKAGE_NAME ""
#define PACKAGE_TARNAME ""
#define PACKAGE_VERSION ""
#define PACKAGE_STRING ""
#define PACKAGE_BUGREPORT ""
#define PACKAGE_URL ""
#define APPDEFDIR ""
#define SYSTEM_XPDFRC "/usr/local/etc/xpdfrc"
#define X_DISPLAY_MISSING 1
#define HAVE_DIRENT_H 1
#define HAVE_REWINDDIR 1
#define HAVE_POPEN 1
#define HAVE_MKSTEMP 1
#define HAVE_MKSTEMPS 1
#define HAVE_STD_SORT 1
#define HAVE_FSEEKO 1
#define HAVE_PNG_H 1

configure: exit 0
