This file contains any messages produced by compilers while
running configure, to aid debugging if configure makes a mistake.

It was created by PDFKit configure 1.0.1, which was
generated by GNU Autoconf 2.69.  Invocation command line was

  $ ./configure 

## --------- ##
## Platform. ##
## --------- ##

hostname = deb
uname -m = x86_64
uname -r = 5.10.0-13-amd64
uname -s = Linux
uname -v = #1 SMP Debian 5.10.106-1 (2022-03-17)

/usr/bin/uname -p = unknown
/bin/uname -X     = unknown

/bin/arch              = x86_64
/usr/bin/arch -k       = unknown
/usr/convex/getsysinfo = unknown
/usr/bin/hostinfo      = unknown
/bin/machine           = unknown
/usr/bin/oslevel       = unknown
/bin/universe          = unknown

PATH: /home/oflorian/bin
PATH: /Library/bin
PATH: /Developer/bin
PATH: /System/bin
PATH: /usr/local/bin
PATH: /usr/bin
PATH: /bin
PATH: /usr/local/games
PATH: /usr/games


## ----------- ##
## Core tests. ##
## ----------- ##

configure:1847: checking build system type
configure:1861: result: x86_64-pc-linux-gnu
configure:1881: checking host system type
configure:1894: result: x86_64-pc-linux-gnu
configure:1914: checking target system type
configure:1927: result: x86_64-pc-linux-gnu
configure:2002: checking for gcc
configure:2029: result: clang
configure:2258: checking for C compiler version
configure:2267: clang --version >&5
Debian clang version 11.0.1-2
Target: x86_64-pc-linux-gnu
Thread model: posix
InstalledDir: /usr/bin
configure:2278: $? = 0
configure:2267: clang -v >&5
Debian clang version 11.0.1-2
Target: x86_64-pc-linux-gnu
Thread model: posix
InstalledDir: /usr/bin
Found candidate GCC installation: /usr/bin/../lib/gcc/x86_64-linux-gnu/10
Found candidate GCC installation: /usr/lib/gcc/x86_64-linux-gnu/10
Selected GCC installation: /usr/bin/../lib/gcc/x86_64-linux-gnu/10
Candidate multilib: .;@m64
Selected multilib: .;@m64
configure:2278: $? = 0
configure:2267: clang -V >&5
clang: error: argument to '-V' is missing (expected 1 value)
clang: error: no input files
configure:2278: $? = 1
configure:2267: clang -qversion >&5
clang: error: unknown argument '-qversion'; did you mean '--version'?
clang: error: no input files
configure:2278: $? = 1
configure:2298: checking whether the C compiler works
configure:2320: clang    conftest.c  >&5
configure:2324: $? = 0
configure:2372: result: yes
configure:2375: checking for C compiler default output file name
configure:2377: result: a.out
configure:2383: checking for suffix of executables
configure:2390: clang -o conftest    conftest.c  >&5
configure:2394: $? = 0
configure:2416: result: 
configure:2438: checking whether we are cross compiling
configure:2446: clang -o conftest    conftest.c  >&5
configure:2450: $? = 0
configure:2457: ./conftest
configure:2461: $? = 0
configure:2476: result: no
configure:2481: checking for suffix of object files
configure:2503: clang -c   conftest.c >&5
configure:2507: $? = 0
configure:2528: result: o
configure:2532: checking whether we are using the GNU C compiler
configure:2551: clang -c   conftest.c >&5
configure:2551: $? = 0
configure:2560: result: yes
configure:2569: checking whether clang accepts -g
configure:2589: clang -c -g  conftest.c >&5
configure:2589: $? = 0
configure:2630: result: yes
configure:2647: checking for clang option to accept ISO C89
configure:2710: clang  -c -g -O2  conftest.c >&5
configure:2710: $? = 0
configure:2723: result: none needed
configure:2855: checking for C++ compiler version
configure:2864: clang++ --version >&5
Debian clang version 11.0.1-2
Target: x86_64-pc-linux-gnu
Thread model: posix
InstalledDir: /usr/bin
configure:2875: $? = 0
configure:2864: clang++ -v >&5
Debian clang version 11.0.1-2
Target: x86_64-pc-linux-gnu
Thread model: posix
InstalledDir: /usr/bin
Found candidate GCC installation: /usr/bin/../lib/gcc/x86_64-linux-gnu/10
Found candidate GCC installation: /usr/lib/gcc/x86_64-linux-gnu/10
Selected GCC installation: /usr/bin/../lib/gcc/x86_64-linux-gnu/10
Candidate multilib: .;@m64
Selected multilib: .;@m64
configure:2875: $? = 0
configure:2864: clang++ -V >&5
clang: error: argument to '-V' is missing (expected 1 value)
clang: error: no input files
configure:2875: $? = 1
configure:2864: clang++ -qversion >&5
clang: error: unknown argument '-qversion'; did you mean '--version'?
clang: error: no input files
configure:2875: $? = 1
configure:2879: checking whether we are using the GNU C++ compiler
configure:2898: clang++ -c   conftest.cpp >&5
configure:2898: $? = 0
configure:2907: result: yes
configure:2916: checking whether clang++ accepts -g
configure:2936: clang++ -c -g  conftest.cpp >&5
configure:2936: $? = 0
configure:2977: result: yes
configure:3147: creating ./config.status

## ---------------------- ##
## Running config.status. ##
## ---------------------- ##

This file was extended by PDFKit config.status 1.0.1, which was
generated by GNU Autoconf 2.69.  Invocation command line was

  CONFIG_FILES    = 
  CONFIG_HEADERS  = 
  CONFIG_LINKS    = 
  CONFIG_COMMANDS = 
  $ ./config.status 

on deb

config.status:737: creating GNUmakefile
config.status:737: creating xpdf/GNUmakefile
config.status:737: creating xpdf/bridge/GNUmakefile
config.status:737: creating xpdf/xpdf-3.04/GNUmakefile

## ---------------- ##
## Cache variables. ##
## ---------------- ##

ac_cv_build=x86_64-pc-linux-gnu
ac_cv_c_compiler_gnu=yes
ac_cv_cxx_compiler_gnu=yes
ac_cv_env_CCC_set=
ac_cv_env_CCC_value=
ac_cv_env_CC_set=
ac_cv_env_CC_value=
ac_cv_env_CFLAGS_set=
ac_cv_env_CFLAGS_value=
ac_cv_env_CPPFLAGS_set=
ac_cv_env_CPPFLAGS_value=
ac_cv_env_CXXFLAGS_set=
ac_cv_env_CXXFLAGS_value=
ac_cv_env_CXX_set=
ac_cv_env_CXX_value=
ac_cv_env_LDFLAGS_set=
ac_cv_env_LDFLAGS_value=
ac_cv_env_LIBS_set=
ac_cv_env_LIBS_value=
ac_cv_env_build_alias_set=
ac_cv_env_build_alias_value=
ac_cv_env_host_alias_set=
ac_cv_env_host_alias_value=
ac_cv_env_target_alias_set=
ac_cv_env_target_alias_value=
ac_cv_host=x86_64-pc-linux-gnu
ac_cv_objext=o
ac_cv_prog_ac_ct_CC=clang
ac_cv_prog_cc_c89=
ac_cv_prog_cc_g=yes
ac_cv_prog_cxx_g=yes
ac_cv_target=x86_64-pc-linux-gnu

## ----------------- ##
## Output variables. ##
## ----------------- ##

CC='clang'
CFLAGS='-g -O2'
CPPFLAGS=''
CXX='clang++'
CXXFLAGS='-g -O2'
DEFS='-DPACKAGE_NAME=\"PDFKit\" -DPACKAGE_TARNAME=\"pdfkit\" -DPACKAGE_VERSION=\"1.0.1\" -DPACKAGE_STRING=\"PDFKit\ 1.0.1\" -DPACKAGE_BUGREPORT=\"\" -DPACKAGE_URL=\"\"'
ECHO_C=''
ECHO_N='-n'
ECHO_T=''
EXEEXT=''
LDFLAGS=''
LIBOBJS=''
LIBS=''
LTLIBOBJS=''
OBJEXT='o'
PACKAGE_BUGREPORT=''
PACKAGE_NAME='PDFKit'
PACKAGE_STRING='PDFKit 1.0.1'
PACKAGE_TARNAME='pdfkit'
PACKAGE_URL=''
PACKAGE_VERSION='1.0.1'
PATH_SEPARATOR=':'
SHELL='/bin/bash'
ac_ct_CC='clang'
ac_ct_CXX=''
bindir='${exec_prefix}/bin'
build='x86_64-pc-linux-gnu'
build_alias=''
build_cpu='x86_64'
build_os='linux-gnu'
build_vendor='pc'
datadir='${datarootdir}'
datarootdir='${prefix}/share'
docdir='${datarootdir}/doc/${PACKAGE_TARNAME}'
dvidir='${docdir}'
exec_prefix='${prefix}'
host='x86_64-pc-linux-gnu'
host_alias=''
host_cpu='x86_64'
host_os='linux-gnu'
host_vendor='pc'
htmldir='${docdir}'
includedir='${prefix}/include'
infodir='${datarootdir}/info'
libdir='${exec_prefix}/lib'
libexecdir='${exec_prefix}/libexec'
localedir='${datarootdir}/locale'
localstatedir='${prefix}/var'
mandir='${datarootdir}/man'
oldincludedir='/usr/include'
pdfdir='${docdir}'
prefix='/usr/local'
program_transform_name='s,x,x,'
psdir='${docdir}'
sbindir='${exec_prefix}/sbin'
sharedstatedir='${prefix}/com'
sysconfdir='${prefix}/etc'
target='x86_64-pc-linux-gnu'
target_alias=''
target_cpu='x86_64'
target_os='linux-gnu'
target_vendor='pc'

## ----------- ##
## confdefs.h. ##
## ----------- ##

/* confdefs.h */
#define PACKAGE_NAME "PDFKit"
#define PACKAGE_TARNAME "pdfkit"
#define PACKAGE_VERSION "1.0.1"
#define PACKAGE_STRING "PDFKit 1.0.1"
#define PACKAGE_BUGREPORT ""
#define PACKAGE_URL ""

configure: exit 0
